<?xml version="1.0" encoding="UTF-8"?>
<robot generator="Robot 3.1.2 (Python 3.6.7 on win32)" generated="20191005 13:59:06.389" rpa="false">
<suite id="s1" name="TesteSiga" source="C:\Projetos\SuiteSiteTeste\SuiteSiteTesteSAP\tests\TesteSiga.robot">
<test id="s1-t1" name="Caso de Teste 01: Pesquisar produto existente">
<kw name="Abrir navegador" library="Resource" type="setup">
<kw name="Open Browser" library="SeleniumLibrary">
<doc>Opens a new browser instance to the given ``url``.</doc>
<arguments>
<arg>about:blank</arg>
<arg>${BROWSER}</arg>
</arguments>
<msg timestamp="20191005 13:59:06.634" level="INFO">Opening browser 'chrome' to base url 'about:blank'.</msg>
<status status="PASS" starttime="20191005 13:59:06.634" endtime="20191005 13:59:12.252"></status>
</kw>
<status status="PASS" starttime="20191005 13:59:06.633" endtime="20191005 13:59:12.253"></status>
</kw>
<kw name="Acessar a pagina home do site" library="Resource">
<kw name="Go To" library="SeleniumLibrary">
<doc>Navigates the current browser window to the provided ``url``.</doc>
<arguments>
<arg>${URL}</arg>
</arguments>
<msg timestamp="20191005 13:59:12.257" level="INFO">Opening url 'http://siga.ebecrj.com.br'</msg>
<status status="PASS" starttime="20191005 13:59:12.256" endtime="20191005 13:59:17.492"></status>
</kw>
<status status="PASS" starttime="20191005 13:59:12.255" endtime="20191005 13:59:17.492"></status>
</kw>
<kw name="Digitar nome &quot;db1007027&quot;" library="Resource">
<kw name="Input Text" library="SeleniumLibrary">
<doc>Types the given ``text`` into the text field identified by ``locator``.</doc>
<arguments>
<arg>id=txtLogin</arg>
<arg>${user}</arg>
</arguments>
<msg timestamp="20191005 13:59:17.501" level="INFO">Typing text 'db1007027' into text field 'id=txtLogin'.</msg>
<status status="PASS" starttime="20191005 13:59:17.500" endtime="20191005 13:59:17.726"></status>
</kw>
<status status="PASS" starttime="20191005 13:59:17.499" endtime="20191005 13:59:17.726"></status>
</kw>
<status status="PASS" starttime="20191005 13:59:06.632" endtime="20191005 13:59:17.727" critical="yes"></status>
</test>
<status status="PASS" starttime="20191005 13:59:06.391" endtime="20191005 13:59:17.741"></status>
</suite>
<statistics>
<total>
<stat pass="1" fail="0">Critical Tests</stat>
<stat pass="1" fail="0">All Tests</stat>
</total>
<tag>
</tag>
<suite>
<stat pass="1" fail="0" id="s1" name="TesteSiga">TesteSiga</stat>
</suite>
</statistics>
<errors>
</errors>
</robot>
